
heart_beat_kill_pid = 93260
heart_beat_timeout = 11
heart: Thu Oct 28 17:12:27 2010: Erlang has closed.
/usr/local/bin/couchdb: line 288: echo: write error: Broken pipe
heart: Thu Oct 28 17:12:27 2010: Executed "/usr/local/bin/couchdb -k". Terminating.

heart_beat_kill_pid = 93520
heart_beat_timeout = 11
heart: Thu Oct 28 17:13:23 2010: Erlang has closed.
/usr/local/bin/couchdb: line 288: echo: write error: Broken pipe
heart: Thu Oct 28 17:13:23 2010: Executed "/usr/local/bin/couchdb -k". Terminating.

heart_beat_kill_pid = 93634
heart_beat_timeout = 11
heart: Thu Oct 28 17:18:33 2010: Erlang has closed.
/usr/local/bin/couchdb: line 288: echo: write error: Broken pipe
heart: Thu Oct 28 17:18:33 2010: Executed "/usr/local/bin/couchdb -k". Terminating.

heart_beat_kill_pid = 93816
heart_beat_timeout = 11
heart: Thu Oct 28 21:16:30 2010: Erlang has closed.
/usr/local/bin/couchdb: line 288: echo: write error: Broken pipe
heart: Thu Oct 28 21:16:30 2010: Executed "/usr/local/bin/couchdb -k". Terminating.
