appending output to nohup.out
2010-10-28 20:37:01,952 (vp_producer.py :  54)|CRITICAL| ---> VoxPop Producer started!
2010-10-28 20:37:01,979 (vp_producer.py :  57)|CRITICAL| ---> DB: <lib.couch.couch.Couch instance at 0x103377248>
2010-10-28 20:37:01,979 (vp_producer.py :  58)|CRITICAL| ---> GeoDB: <lib.couch.couch.Couch instance at 0x103377200>
2010-10-28 20:37:01,979 (vp_producer.py :  59)|CRITICAL| ---> CouchDB Connected to DB: voxpop_dev
2010-10-28 20:37:01,981 (vp_producer.py :  60)|CRITICAL| ---> Memcache: <lib.memcache.memcache.Client object at 0x10337fb50>
2010-10-28 20:37:01,981 (vp_producer.py :  61)|CRITICAL| ---> ITEMS: <vp.itemManager.ItemManager instance at 0x103377560>
2010-10-28 20:37:02,653 (nytArticle.py  :  52)|   ERROR| $$$$ nytArticles.fetch_articles_for_times_topic[Facebook]
2010-10-28 20:37:02,678 (nytArticle.py  : 101)|   ERROR| $$$$ nytArticles.get_old_articles_for_query[]
2010-10-28 20:37:02,678 (nytArticle.py  : 108)|   ERROR| 0
2010-10-28 20:37:02,678 (nytArticle.py  : 110)|   ERROR| 0
2010-10-28 20:37:02,696 (nytArticle.py  :  52)|   ERROR| $$$$ nytArticles.fetch_articles_for_times_topic[Global Warming]
2010-10-28 20:37:02,711 (nytArticle.py  : 101)|   ERROR| $$$$ nytArticles.get_old_articles_for_query[]
2010-10-28 20:37:02,712 (nytArticle.py  : 108)|   ERROR| 0
2010-10-28 20:37:02,712 (nytArticle.py  : 110)|   ERROR| 0
2010-10-28 20:37:02,726 (nytArticle.py  :  52)|   ERROR| $$$$ nytArticles.fetch_articles_for_times_topic[China]
2010-10-28 20:37:02,740 (nytArticle.py  : 101)|   ERROR| $$$$ nytArticles.get_old_articles_for_query[]
2010-10-28 20:37:02,741 (nytArticle.py  : 108)|   ERROR| 0
2010-10-28 20:37:02,741 (nytArticle.py  : 110)|   ERROR| 0
2010-10-28 20:37:02,755 (nytArticle.py  :  52)|   ERROR| $$$$ nytArticles.fetch_articles_for_times_topic[Haiti]
2010-10-28 20:37:02,764 (nytArticle.py  : 101)|   ERROR| $$$$ nytArticles.get_old_articles_for_query[]
2010-10-28 20:37:02,764 (nytArticle.py  : 108)|   ERROR| 0
2010-10-28 20:37:02,764 (nytArticle.py  : 110)|   ERROR| 0
2010-10-28 20:37:02,774 (nytArticle.py  :  52)|   ERROR| $$$$ nytArticles.fetch_articles_for_times_topic[Gulf of Mexico Deepwater Horizon Oil Spill (2010) ]
2010-10-28 20:37:02,784 (nytArticle.py  : 101)|   ERROR| $$$$ nytArticles.get_old_articles_for_query[]
2010-10-28 20:37:02,784 (nytArticle.py  : 108)|   ERROR| 0
2010-10-28 20:37:02,784 (nytArticle.py  : 110)|   ERROR| 0
2010-10-28 20:37:02,794 (nytArticle.py  :  52)|   ERROR| $$$$ nytArticles.fetch_articles_for_times_topic[Time, Inc.]
2010-10-28 20:37:02,803 (nytArticle.py  : 101)|   ERROR| $$$$ nytArticles.get_old_articles_for_query[]
2010-10-28 20:37:02,803 (nytArticle.py  : 108)|   ERROR| 0
2010-10-28 20:37:02,803 (nytArticle.py  : 110)|   ERROR| 0
2010-10-28 20:37:02,813 (nytArticle.py  :  52)|   ERROR| $$$$ nytArticles.fetch_articles_for_times_topic[Park51]
2010-10-28 20:37:02,825 (nytArticle.py  : 101)|   ERROR| $$$$ nytArticles.get_old_articles_for_query[]
2010-10-28 20:37:02,825 (nytArticle.py  : 108)|   ERROR| 0
2010-10-28 20:37:02,825 (nytArticle.py  : 110)|   ERROR| 0
2010-10-28 20:37:02,835 (nytArticle.py  :  52)|   ERROR| $$$$ nytArticles.fetch_articles_for_times_topic[Google]
2010-10-28 20:37:02,845 (nytArticle.py  : 101)|   ERROR| $$$$ nytArticles.get_old_articles_for_query[]
2010-10-28 20:37:02,846 (nytArticle.py  : 108)|   ERROR| 0
2010-10-28 20:37:02,846 (nytArticle.py  : 110)|   ERROR| 0
2010-10-28 20:37:02,939 (nytArticle.py  :  52)|   ERROR| $$$$ nytArticles.fetch_articles_for_times_topic[Barack Obama]
2010-10-28 20:37:02,951 (nytArticle.py  : 101)|   ERROR| $$$$ nytArticles.get_old_articles_for_query[]
2010-10-28 20:37:02,952 (nytArticle.py  : 108)|   ERROR| 0
2010-10-28 20:37:02,955 (nytArticle.py  : 110)|   ERROR| 0
2010-10-28 20:37:02,964 (nytArticle.py  :  52)|   ERROR| $$$$ nytArticles.fetch_articles_for_times_topic[Afghanistan]
2010-10-28 20:37:02,975 (nytArticle.py  : 101)|   ERROR| $$$$ nytArticles.get_old_articles_for_query[]
2010-10-28 20:37:02,976 (nytArticle.py  : 108)|   ERROR| 0
2010-10-28 20:37:02,981 (nytArticle.py  : 110)|   ERROR| 0
2010-10-28 20:37:02,990 (nytArticle.py  :  52)|   ERROR| $$$$ nytArticles.fetch_articles_for_times_topic[Grammar and Usage]
2010-10-28 20:37:03,000 (nytArticle.py  : 101)|   ERROR| $$$$ nytArticles.get_old_articles_for_query[]
2010-10-28 20:37:03,000 (nytArticle.py  : 108)|   ERROR| 0
2010-10-28 20:37:03,000 (nytArticle.py  : 110)|   ERROR| 0
2010-10-28 20:37:03,002 (vp_producer.py :  62)|CRITICAL| ---> NYT Scraper: <nyt.nytScraper.nytScraper instance at 0x103377830>
2010-10-28 20:37:03,020 (vp_workers.py  :  53)|CRITICAL| #### VoxPopWorker: WORKER ADDED producer0 with delay 0.0
127.0.0.1:58813 - - [28/Oct/2010 20:58:41] "HTTP/1.1 GET /voxpop/namelookup" - 200 OK
2010-10-28 20:58:45,468 (universe.py    :  19)|   ERROR| #### Universe.get_top_conversations[]
127.0.0.1:58902 - - [28/Oct/2010 20:59:25] "HTTP/1.1 GET /universe/top" - 200 OK
2010-10-28 20:59:37,414 (map.py         :  20)|   ERROR| #### Map.get_geo_children[des_facet_OFFSHOREDRILLINGANDEXPLORATION]
127.0.0.1:58979 - - [28/Oct/2010 21:01:46] "HTTP/1.1 GET /map/children/des_facet_OFFSHOREDRILLINGANDEXPLORATION" - 200 OK
127.0.0.1:59822 - - [28/Oct/2010 21:08:09] "HTTP/1.1 GET /voxpop/namelookup" - 200 OK
2010-10-28 21:08:09,971 (universe.py    :  19)|   ERROR| #### Universe.get_top_conversations[]
127.0.0.1:59826 - - [28/Oct/2010 21:08:34] "HTTP/1.1 GET /universe/top" - 200 OK
